-------------------------------------------------------------------------------
Test set: BeansTeste.CategoriaBeansTeste
-------------------------------------------------------------------------------
Tests run: 1, Failures: 0, Errors: 1, Skipped: 0, Time elapsed: 33.574 sec <<< FAILURE!
existeCategoria(BeansTeste.CategoriaBeansTeste)  Time elapsed: 0.102 sec  <<< ERROR!
javax.ejb.EJBException
	at com.sun.ejb.containers.EJBContainerTransactionManager.processSystemException(EJBContainerTransactionManager.java:752)
	at com.sun.ejb.containers.EJBContainerTransactionManager.completeNewTx(EJBContainerTransactionManager.java:702)
	at com.sun.ejb.containers.EJBContainerTransactionManager.postInvokeTx(EJBContainerTransactionManager.java:507)
	at com.sun.ejb.containers.BaseContainer.postInvokeTx(BaseContainer.java:4566)
	at com.sun.ejb.containers.BaseContainer.postInvoke(BaseContainer.java:2074)
	at com.sun.ejb.containers.BaseContainer.postInvoke(BaseContainer.java:2044)
	at com.sun.ejb.containers.EJBLocalObjectInvocationHandler.invoke(EJBLocalObjectInvocationHandler.java:220)
	at com.sun.ejb.containers.EJBLocalObjectInvocationHandlerDelegate.invoke(EJBLocalObjectInvocationHandlerDelegate.java:88)
	at com.sun.proxy.$Proxy181.existeCategoria(Unknown Source)
	at com.FazTudo2.ejb.Beans.__EJB31_Generated__CategoriaBean__Intf____Bean__.existeCategoria(Unknown Source)
	at BeansTeste.CategoriaBeansTeste.existeCategoria(CategoriaBeansTeste.java:51)
	at sun.reflect.NativeMethodAccessorImpl.invoke0(Native Method)
	at sun.reflect.NativeMethodAccessorImpl.invoke(NativeMethodAccessorImpl.java:62)
	at sun.reflect.DelegatingMethodAccessorImpl.invoke(DelegatingMethodAccessorImpl.java:43)
	at java.lang.reflect.Method.invoke(Method.java:498)
	at org.junit.runners.model.FrameworkMethod$1.runReflectiveCall(FrameworkMethod.java:47)
	at org.junit.internal.runners.model.ReflectiveCallable.run(ReflectiveCallable.java:12)
	at org.junit.runners.model.FrameworkMethod.invokeExplosively(FrameworkMethod.java:44)
	at org.junit.internal.runners.statements.InvokeMethod.evaluate(InvokeMethod.java:17)
	at org.junit.internal.runners.statements.RunBefores.evaluate(RunBefores.java:26)
	at org.junit.internal.runners.statements.RunAfters.evaluate(RunAfters.java:27)
	at org.junit.runners.ParentRunner.runLeaf(ParentRunner.java:271)
	at org.junit.runners.BlockJUnit4ClassRunner.runChild(BlockJUnit4ClassRunner.java:70)
	at org.junit.runners.BlockJUnit4ClassRunner.runChild(BlockJUnit4ClassRunner.java:50)
	at org.junit.runners.ParentRunner$3.run(ParentRunner.java:238)
	at org.junit.runners.ParentRunner$1.schedule(ParentRunner.java:63)
	at org.junit.runners.ParentRunner.runChildren(ParentRunner.java:236)
	at org.junit.runners.ParentRunner.access$000(ParentRunner.java:53)
	at org.junit.runners.ParentRunner$2.evaluate(ParentRunner.java:229)
	at org.junit.internal.runners.statements.RunBefores.evaluate(RunBefores.java:26)
	at org.junit.internal.runners.statements.RunAfters.evaluate(RunAfters.java:27)
	at org.junit.runners.ParentRunner.run(ParentRunner.java:309)
	at org.apache.maven.surefire.junit4.JUnit4TestSet.execute(JUnit4TestSet.java:45)
	at org.apache.maven.surefire.junit4.JUnit4Provider.executeTestSet(JUnit4Provider.java:123)
	at org.apache.maven.surefire.junit4.JUnit4Provider.invoke(JUnit4Provider.java:104)
	at sun.reflect.NativeMethodAccessorImpl.invoke0(Native Method)
	at sun.reflect.NativeMethodAccessorImpl.invoke(NativeMethodAccessorImpl.java:62)
	at sun.reflect.DelegatingMethodAccessorImpl.invoke(DelegatingMethodAccessorImpl.java:43)
	at java.lang.reflect.Method.invoke(Method.java:498)
	at org.apache.maven.surefire.util.ReflectionUtils.invokeMethodWithArray(ReflectionUtils.java:164)
	at org.apache.maven.surefire.booter.ProviderFactory$ProviderProxy.invoke(ProviderFactory.java:110)
	at org.apache.maven.surefire.booter.SurefireStarter.invokeProvider(SurefireStarter.java:175)
	at org.apache.maven.surefire.booter.SurefireStarter.runSuitesInProcessWhenForked(SurefireStarter.java:107)
	at org.apache.maven.surefire.booter.ForkedBooter.main(ForkedBooter.java:68)
Caused by: java.lang.IllegalArgumentException: You have attempted to set a parameter at position 1 which does not exist in this query string SELECT c FROM Categoria c WHERE c.nome LIKE :nome ORDER BY c.nome DESC.
	at org.eclipse.persistence.internal.jpa.QueryImpl.setParameterInternal(QueryImpl.java:930)
	at org.eclipse.persistence.internal.jpa.QueryImpl.setParameterInternal(QueryImpl.java:911)
	at org.eclipse.persistence.internal.jpa.EJBQueryImpl.setParameter(EJBQueryImpl.java:469)
	at com.FazTudo2.ejb.Beans.CategoriaBean.existeCategoria(CategoriaBean.java:61)
	at sun.reflect.NativeMethodAccessorImpl.invoke0(Native Method)
	at sun.reflect.NativeMethodAccessorImpl.invoke(NativeMethodAccessorImpl.java:62)
	at sun.reflect.DelegatingMethodAccessorImpl.invoke(DelegatingMethodAccessorImpl.java:43)
	at java.lang.reflect.Method.invoke(Method.java:498)
	at org.glassfish.ejb.security.application.EJBSecurityManager.runMethod(EJBSecurityManager.java:1081)
	at org.glassfish.ejb.security.application.EJBSecurityManager.invoke(EJBSecurityManager.java:1153)
	at com.sun.ejb.containers.BaseContainer.invokeBeanMethod(BaseContainer.java:4786)
	at com.sun.ejb.EjbInvocation.invokeBeanMethod(EjbInvocation.java:656)
	at com.sun.ejb.containers.interceptors.AroundInvokeChainImpl.invokeNext(InterceptorManager.java:822)
	at com.sun.ejb.EjbInvocation.proceed(EjbInvocation.java:608)
	at org.hibernate.validator.internal.cdi.interceptor.ValidationInterceptor.validateMethodInvocation(ValidationInterceptor.java:87)
	at sun.reflect.NativeMethodAccessorImpl.invoke0(Native Method)
	at sun.reflect.NativeMethodAccessorImpl.invoke(NativeMethodAccessorImpl.java:62)
	at sun.reflect.DelegatingMethodAccessorImpl.invoke(DelegatingMethodAccessorImpl.java:43)
	at java.lang.reflect.Method.invoke(Method.java:498)
	at com.sun.ejb.containers.interceptors.AroundInvokeInterceptor.intercept(InterceptorManager.java:883)
	at com.sun.ejb.containers.interceptors.AroundInvokeChainImpl.invokeNext(InterceptorManager.java:822)
	at com.sun.ejb.EjbInvocation.proceed(EjbInvocation.java:608)
	at org.jboss.weld.ejb.AbstractEJBRequestScopeActivationInterceptor.aroundInvoke(AbstractEJBRequestScopeActivationInterceptor.java:73)
	at org.jboss.weld.ejb.SessionBeanInterceptor.aroundInvoke(SessionBeanInterceptor.java:52)
	at sun.reflect.NativeMethodAccessorImpl.invoke0(Native Method)
	at sun.reflect.NativeMethodAccessorImpl.invoke(NativeMethodAccessorImpl.java:62)
	at sun.reflect.DelegatingMethodAccessorImpl.invoke(DelegatingMethodAccessorImpl.java:43)
	at java.lang.reflect.Method.invoke(Method.java:498)
	at com.sun.ejb.containers.interceptors.AroundInvokeInterceptor.intercept(InterceptorManager.java:883)
	at com.sun.ejb.containers.interceptors.AroundInvokeChainImpl.invokeNext(InterceptorManager.java:822)
	at com.sun.ejb.EjbInvocation.proceed(EjbInvocation.java:608)
	at com.sun.ejb.containers.interceptors.SystemInterceptorProxy.doCall(SystemInterceptorProxy.java:163)
	at com.sun.ejb.containers.interceptors.SystemInterceptorProxy.aroundInvoke(SystemInterceptorProxy.java:140)
	at sun.reflect.NativeMethodAccessorImpl.invoke0(Native Method)
	at sun.reflect.NativeMethodAccessorImpl.invoke(NativeMethodAccessorImpl.java:62)
	at sun.reflect.DelegatingMethodAccessorImpl.invoke(DelegatingMethodAccessorImpl.java:43)
	at java.lang.reflect.Method.invoke(Method.java:498)
	at com.sun.ejb.containers.interceptors.AroundInvokeInterceptor.intercept(InterceptorManager.java:883)
	at com.sun.ejb.containers.interceptors.AroundInvokeChainImpl.invokeNext(InterceptorManager.java:822)
	at com.sun.ejb.containers.interceptors.InterceptorManager.intercept(InterceptorManager.java:369)
	at com.sun.ejb.containers.BaseContainer.__intercept(BaseContainer.java:4758)
	at com.sun.ejb.containers.BaseContainer.intercept(BaseContainer.java:4746)
	at com.sun.ejb.containers.EJBLocalObjectInvocationHandler.invoke(EJBLocalObjectInvocationHandler.java:212)
	... 37 more
