<?xml version="1.0" encoding="UTF-8" ?>
<testsuite tests="1" failures="0" name="com.FazTudo2.ejb.ClienteTeste" time="33.461" errors="1" skipped="0">
  <properties>
[...]
</properties>
  <testcase classname="com.FazTudo2.ejb.ClienteTeste" name="persistirClienteInvalido" time="0.207">
    <error message="Unexpected exception, expected&lt;javax.ejb.EJBException&gt; but was&lt;java.lang.AssertionError&gt;" type="java.lang.Exception">java.lang.Exception: Unexpected exception, expected&lt;javax.ejb.EJBException&gt; but was&lt;java.lang.AssertionError&gt;
	at org.junit.internal.runners.statements.ExpectException.evaluate(ExpectException.java:28)
	at org.junit.internal.runners.statements.RunBefores.evaluate(RunBefores.java:26)
	at org.junit.internal.runners.statements.RunAfters.evaluate(RunAfters.java:27)
	at org.junit.runners.ParentRunner.runLeaf(ParentRunner.java:271)
	at org.junit.runners.BlockJUnit4ClassRunner.runChild(BlockJUnit4ClassRunner.java:70)
	at org.junit.runners.BlockJUnit4ClassRunner.runChild(BlockJUnit4ClassRunner.java:50)
	at org.junit.runners.ParentRunner$3.run(ParentRunner.java:238)
	at org.junit.runners.ParentRunner$1.schedule(ParentRunner.java:63)
	at org.junit.runners.ParentRunner.runChildren(ParentRunner.java:236)
	at org.junit.runners.ParentRunner.access$000(ParentRunner.java:53)
	at org.junit.runners.ParentRunner$2.evaluate(ParentRunner.java:229)
	at org.junit.internal.runners.statements.RunBefores.evaluate(RunBefores.java:26)
	at org.junit.internal.runners.statements.RunAfters.evaluate(RunAfters.java:27)
	at org.junit.runners.ParentRunner.run(ParentRunner.java:309)
	at org.apache.maven.surefire.junit4.JUnit4TestSet.execute(JUnit4TestSet.java:45)
	at org.apache.maven.surefire.junit4.JUnit4Provider.executeTestSet(JUnit4Provider.java:123)
	at org.apache.maven.surefire.junit4.JUnit4Provider.invoke(JUnit4Provider.java:104)
	at sun.reflect.NativeMethodAccessorImpl.invoke0(Native Method)
	at sun.reflect.NativeMethodAccessorImpl.invoke(NativeMethodAccessorImpl.java:62)
	at sun.reflect.DelegatingMethodAccessorImpl.invoke(DelegatingMethodAccessorImpl.java:43)
	at java.lang.reflect.Method.invoke(Method.java:498)
	at org.apache.maven.surefire.util.ReflectionUtils.invokeMethodWithArray(ReflectionUtils.java:164)
	at org.apache.maven.surefire.booter.ProviderFactory$ProviderProxy.invoke(ProviderFactory.java:110)
	at org.apache.maven.surefire.booter.SurefireStarter.invokeProvider(SurefireStarter.java:175)
	at org.apache.maven.surefire.booter.SurefireStarter.runSuitesInProcessWhenForked(SurefireStarter.java:107)
	at org.apache.maven.surefire.booter.ForkedBooter.main(ForkedBooter.java:68)
Caused by: java.lang.AssertionError: 
Expected: (a string starting with &quot;{com.FazTudo2.ejb.Entidade.Usuario.dataNascimento}&quot; or a string starting with &quot;O data de nascimento deve ser uma data do passado&quot;)
     but: was &quot;A data de nascimento deve ser uma data do passado&quot;
	at org.hamcrest.MatcherAssert.assertThat(MatcherAssert.java:20)
	at org.junit.Assert.assertThat(Assert.java:865)
	at org.junit.Assert.assertThat(Assert.java:832)
	at com.FazTudo2.ejb.ClienteTeste.persistirClienteInvalido(ClienteTeste.java:138)
	at sun.reflect.NativeMethodAccessorImpl.invoke0(Native Method)
	at sun.reflect.NativeMethodAccessorImpl.invoke(NativeMethodAccessorImpl.java:62)
	at sun.reflect.DelegatingMethodAccessorImpl.invoke(DelegatingMethodAccessorImpl.java:43)
	at java.lang.reflect.Method.invoke(Method.java:498)
	at org.junit.runners.model.FrameworkMethod$1.runReflectiveCall(FrameworkMethod.java:47)
	at org.junit.internal.runners.model.ReflectiveCallable.run(ReflectiveCallable.java:12)
	at org.junit.runners.model.FrameworkMethod.invokeExplosively(FrameworkMethod.java:44)
	at org.junit.internal.runners.statements.InvokeMethod.evaluate(InvokeMethod.java:17)
	at org.junit.internal.runners.statements.ExpectException.evaluate(ExpectException.java:19)
	... 25 more
</error>
    <system-out>JdbcRuntimeExtension,  getAllSystemRAResourcesAndPools = [GlassFishConfigBean.org.glassfish.jdbc.config.JdbcResource, GlassFishConfigBean.org.glassfish.jdbc.config.JdbcResource, GlassFishConfigBean.org.glassfish.jdbc.config.JdbcConnectionPool, GlassFishConfigBean.org.glassfish.jdbc.config.JdbcConnectionPool, GlassFishConfigBean.org.glassfish.jdbc.config.JdbcConnectionPool, GlassFishConfigBean.org.glassfish.jdbc.config.JdbcResource, GlassFishConfigBean.org.glassfish.jdbc.config.JdbcConnectionPool, GlassFishConfigBean.org.glassfish.jdbc.config.JdbcResource]
[EL Info]: server: 2019-05-31 23:02:49.042--Detected server platform: org.eclipse.persistence.platform.server.NoServerPlatform.
</system-out>
    <system-err>mai 31, 2019 11:02:39 PM org.glassfish.ejb.embedded.EJBContainerProviderImpl createContainer
INFORMAÇÕES: [EJBContainerProviderImpl] Using installation location /home/ricardo/glassfish-4.1.1/glassfish
mai 31, 2019 11:02:39 PM org.glassfish.ejb.embedded.EJBContainerProviderImpl createContainer
INFORMAÇÕES: [EJBContainerProviderImpl] Using config file location: file:/tmp/domain8747781616117031676xml
mai 31, 2019 11:02:39 PM org.glassfish.ejb.embedded.EJBContainerProviderImpl createContainer
INFORMAÇÕES: [EJBContainerProviderImpl] Using runtime class: class com.sun.enterprise.glassfish.bootstrap.StaticGlassFishRuntime
mai 31, 2019 11:02:40 PM com.sun.enterprise.v3.server.CommonClassLoaderServiceImpl findDerbyClient
INFORMAÇÕES: Cannot find javadb client jar file, derby jdbc driver will not be available by default.
mai 31, 2019 11:02:40 PM org.hibernate.validator.internal.util.Version &lt;clinit&gt;
INFO: HV000001: Hibernate Validator 5.1.2.Final
mai 31, 2019 11:02:40 PM org.glassfish.security.services.impl.authorization.AuthorizationServiceImpl initialize
INFORMAÇÕES: Authorization Service has successfully initialized.
mai 31, 2019 11:02:40 PM com.sun.enterprise.security.auth.realm.Realm doInstantiate
INFORMAÇÕES: Realm [admin-realm] of classtype [com.sun.enterprise.security.auth.realm.file.FileRealm] successfully created.
mai 31, 2019 11:02:40 PM com.sun.enterprise.security.auth.realm.Realm doInstantiate
INFORMAÇÕES: Realm [file] of classtype [com.sun.enterprise.security.auth.realm.file.FileRealm] successfully created.
mai 31, 2019 11:02:40 PM com.sun.enterprise.security.auth.realm.Realm doInstantiate
INFORMAÇÕES: Realm [certificate] of classtype [com.sun.enterprise.security.auth.realm.certificate.CertificateRealm] successfully created.
mai 31, 2019 11:02:40 PM org.glassfish.ha.store.spi.BackingStoreFactoryRegistry register
INFORMAÇÕES: Registered org.glassfish.ha.store.adapter.cache.ShoalBackingStoreProxy for persistence-type = replicated in BackingStoreFactoryRegistry
mai 31, 2019 11:02:40 PM com.sun.enterprise.v3.server.AppServerStartup postStartupJob
INFORMAÇÕES: GlassFish Server Open Source Edition  4.1.1  (1) startup time : Embedded (618ms), startup services(611ms), total(1.229ms)
mai 31, 2019 11:02:40 PM com.sun.jts.CosTransactions.DefaultTransactionService setServerName
INFORMAÇÕES: JTS5014: Recoverable JTS instance, serverId = [100]
mai 31, 2019 11:02:41 PM org.glassfish.admin.mbeanserver.JMXStartupService$JMXConnectorsStarterThread run
INFORMAÇÕES: JMXStartupService has disabled JMXConnector system
mai 31, 2019 11:02:41 PM org.glassfish.admin.mbeanserver.JMXStartupService shutdown
INFORMAÇÕES: JMXStartupService and JMXConnectors have been shut down.
mai 31, 2019 11:02:41 PM com.sun.enterprise.v3.server.AppServerStartup stop
INFORMAÇÕES: Shutdown procedure finished
mai 31, 2019 11:02:41 PM org.glassfish.ha.store.spi.BackingStoreFactoryRegistry register
INFORMAÇÕES: Registered org.glassfish.ha.store.adapter.cache.ShoalBackingStoreProxy for persistence-type = replicated in BackingStoreFactoryRegistry
mai 31, 2019 11:02:41 PM com.sun.enterprise.v3.server.AppServerStartup postStartupJob
INFORMAÇÕES: GlassFish Server Open Source Edition  4.1.1  (1) startup time : Embedded (1.662ms), startup services(14ms), total(1.676ms)
mai 31, 2019 11:02:41 PM org.glassfish.admin.mbeanserver.JMXStartupService$JMXConnectorsStarterThread run
INFORMAÇÕES: JMXStartupService has disabled JMXConnector system
mai 31, 2019 11:02:41 PM org.glassfish.ejb.embedded.EJBContainerProviderImpl skipJar
INFORMAÇÕES: ... skipping entry with a Manifest file with a special attribute: glassfish-embedded-static-shell.jar
mai 31, 2019 11:02:41 PM org.glassfish.ejb.embedded.DeploymentElement getOrCreateApplication
INFORMAÇÕES: [DeploymentElement] adding EJB module to ScatteredArchive classes
mai 31, 2019 11:02:41 PM org.glassfish.ejb.embedded.DeploymentElement getOrCreateApplication
INFORMAÇÕES: [DeploymentElement] adding library to ScatteredArchive mysql-connector-java-5.1.47.jar
mai 31, 2019 11:02:41 PM org.glassfish.ejb.embedded.DeploymentElement getOrCreateApplication
INFORMAÇÕES: [DeploymentElement] adding library to ScatteredArchive junit-4.11.jar
mai 31, 2019 11:02:41 PM org.glassfish.ejb.embedded.DeploymentElement getOrCreateApplication
INFORMAÇÕES: [DeploymentElement] adding library to ScatteredArchive jboss-logging-3.3.0.Final.jar
mai 31, 2019 11:02:41 PM org.glassfish.ejb.embedded.DeploymentElement getOrCreateApplication
INFORMAÇÕES: [DeploymentElement] adding library to ScatteredArchive javaee-web-api-7.0.jar
mai 31, 2019 11:02:41 PM org.glassfish.ejb.embedded.DeploymentElement getOrCreateApplication
INFORMAÇÕES: [DeploymentElement] adding library to ScatteredArchive poi-ooxml-3.14.jar
mai 31, 2019 11:02:41 PM org.glassfish.ejb.embedded.DeploymentElement getOrCreateApplication
INFORMAÇÕES: [DeploymentElement] adding library to ScatteredArchive curvesapi-1.03.jar
mai 31, 2019 11:02:41 PM org.glassfish.ejb.embedded.DeploymentElement getOrCreateApplication
INFORMAÇÕES: [DeploymentElement] adding library to ScatteredArchive hibernate-validator-5.4.2.Final.jar
mai 31, 2019 11:02:41 PM org.glassfish.ejb.embedded.DeploymentElement getOrCreateApplication
INFORMAÇÕES: [DeploymentElement] adding library to ScatteredArchive classmate-1.3.1.jar
mai 31, 2019 11:02:41 PM org.glassfish.ejb.embedded.DeploymentElement getOrCreateApplication
INFORMAÇÕES: [DeploymentElement] adding library to ScatteredArchive commons-collections-3.2.2.jar
mai 31, 2019 11:02:41 PM org.glassfish.ejb.embedded.DeploymentElement getOrCreateApplication
INFORMAÇÕES: [DeploymentElement] adding library to ScatteredArchive poi-ooxml-schemas-3.14.jar
mai 31, 2019 11:02:41 PM org.glassfish.ejb.embedded.DeploymentElement getOrCreateApplication
INFORMAÇÕES: [DeploymentElement] adding library to ScatteredArchive commons-codec-1.10.jar
mai 31, 2019 11:02:41 PM org.glassfish.ejb.embedded.DeploymentElement getOrCreateApplication
INFORMAÇÕES: [DeploymentElement] adding library to ScatteredArchive xmlbeans-2.6.0.jar
mai 31, 2019 11:02:41 PM org.glassfish.ejb.embedded.DeploymentElement getOrCreateApplication
INFORMAÇÕES: [DeploymentElement] adding library to ScatteredArchive dbunit-2.5.3.jar
mai 31, 2019 11:02:41 PM org.glassfish.ejb.embedded.DeploymentElement getOrCreateApplication
INFORMAÇÕES: [DeploymentElement] adding library to ScatteredArchive stax-api-1.0.1.jar
mai 31, 2019 11:02:41 PM org.glassfish.ejb.embedded.DeploymentElement getOrCreateApplication
INFORMAÇÕES: [DeploymentElement] adding library to ScatteredArchive poi-3.14.jar
mai 31, 2019 11:02:41 PM org.glassfish.ejb.embedded.DeploymentElement getOrCreateApplication
INFORMAÇÕES: [DeploymentElement] adding library to ScatteredArchive validation-api-1.1.0.Final.jar
mai 31, 2019 11:02:41 PM org.glassfish.ejb.embedded.DeploymentElement getOrCreateApplication
INFORMAÇÕES: [DeploymentElement] adding library to ScatteredArchive test-classes
mai 31, 2019 11:02:41 PM org.glassfish.ejb.embedded.DeploymentElement getOrCreateApplication
INFORMAÇÕES: [DeploymentElement] adding library to ScatteredArchive slf4j-api-1.7.21.jar
mai 31, 2019 11:02:41 PM org.glassfish.ejb.embedded.DeploymentElement getOrCreateApplication
INFORMAÇÕES: [DeploymentElement] adding library to ScatteredArchive hamcrest-core-1.3.jar
mai 31, 2019 11:02:41 PM org.glassfish.ejb.embedded.EJBContainerImpl deploy
INFORMAÇÕES: [EJBContainerImpl] Deploying app: org.glassfish.embeddable.archive.ScatteredArchive@4e773b8a
mai 31, 2019 11:02:41 PM org.glassfish.ejb.embedded.EJBContainerImpl deploy
INFORMAÇÕES: [EJBContainerImpl] GlassFish status: STARTED
mai 31, 2019 11:02:41 PM org.glassfish.ejb.embedded.EJBContainerImpl deploy
INFORMAÇÕES: [EJBContainerImpl] Deploying as a ScatteredArchive
mai 31, 2019 11:02:48 PM com.sun.enterprise.security.ssl.impl.SecuritySupportImpl checkCertificateDates
GRAVE: The SSL certificate has expired: [
[
  Version: V3
  Subject: OU=Equifax Secure Certificate Authority, O=Equifax, C=US
  Signature Algorithm: SHA1withRSA, OID = 1.2.840.113549.1.1.5

  Key:  Sun RSA public key, 1024 bits
  modulus: 135786214035069526348186531221551781468391756233528066061569654028671100866720352830303278016129003918213826297308054231261658522889438712013757624116391437358730449661353175673177742307421061340003741057138887918110217006515773038453829253517076741780039735595086881329494037450587568122088113584549069375417
  public exponent: 65537
  Validity: [From: Sat Aug 22 13:41:51 BRT 1998,
               To: Wed Aug 22 13:41:51 BRT 2018]
  Issuer: OU=Equifax Secure Certificate Authority, O=Equifax, C=US
  SerialNumber: [    35def4cf]

Certificate Extensions: 7
[1]: ObjectId: 1.2.840.113533.7.65.0 Criticality=false
Extension unknown: DER encoded OCTET string =
0000: 04 0D 30 0B 1B 05 56 33   2E 30 63 03 02 06 C0     ..0...V3.0c....


[2]: ObjectId: 2.5.29.35 Criticality=false
AuthorityKeyIdentifier [
KeyIdentifier [
0000: 48 E6 68 F9 2B D2 B2 95   D7 47 D8 23 20 10 4F 33  H.h.+....G.# .O3
0010: 98 90 9F D4                                        ....
]
]

[3]: ObjectId: 2.5.29.19 Criticality=false
BasicConstraints:[
  CA:true
  PathLen:2147483647
]

[4]: ObjectId: 2.5.29.31 Criticality=false
CRLDistributionPoints [
  [DistributionPoint:
     [CN=CRL1, OU=Equifax Secure Certificate Authority, O=Equifax, C=US]
]]

[5]: ObjectId: 2.5.29.15 Criticality=false
KeyUsage [
  Key_CertSign
  Crl_Sign
]

[6]: ObjectId: 2.5.29.16 Criticality=false
PrivateKeyUsage: [
To: Wed Aug 22 13:41:51 BRT 2018]

[7]: ObjectId: 2.5.29.14 Criticality=false
SubjectKeyIdentifier [
KeyIdentifier [
0000: 48 E6 68 F9 2B D2 B2 95   D7 47 D8 23 20 10 4F 33  H.h.+....G.# .O3
0010: 98 90 9F D4                                        ....
]
]

]
  Algorithm: [SHA1withRSA]
  Signature:
0000: 58 CE 29 EA FC F7 DE B5   CE 02 B9 17 B5 85 D1 B9  X.).............
0010: E3 E0 95 CC 25 31 0D 00   A6 92 6E 7F B6 92 63 9E  ....%1....n...c.
0020: 50 95 D1 9A 6F E4 11 DE   63 85 6E 98 EE A8 FF 5A  P...o...c.n....Z
0030: C8 D3 55 B2 66 71 57 DE   C0 21 EB 3D 2A A7 23 49  ..U.fqW..!.=*.#I
0040: 01 04 86 42 7B FC EE 7F   A2 16 52 B5 67 67 D3 40  ...B......R.gg.@
0050: DB 3B 26 58 B2 28 77 3D   AE 14 77 61 D6 FA 2A 66  .;&amp;X.(w=..wa..*f
0060: 27 A0 0D FA A7 73 5C EA   70 F1 94 21 65 44 5F FA  &apos;....s\.p..!eD_.
0070: FC EF 29 68 A9 A2 87 79   EF 79 EF 4F AC 07 77 38  ..)h...y.y.O..w8

]
mai 31, 2019 11:02:48 PM com.sun.enterprise.security.ssl.impl.SecuritySupportImpl checkCertificateDates
GRAVE: The SSL certificate has expired: [
[
  Version: V1
  Subject: CN=GTE CyberTrust Global Root, OU=&quot;GTE CyberTrust Solutions, Inc.&quot;, O=GTE Corporation, C=US
  Signature Algorithm: MD5withRSA, OID = 1.2.840.113549.1.1.4

  Key:  Sun RSA public key, 1024 bits
  modulus: 104674226241368487598835828377585222181792546532354327780214427055917513664449991602803276678454577364904540367827644455215731003386468752240014232146814457308076052176227490263634768927290191763858631579785604655038492469791381988347440106477066514204303723029602991655085187937840556671697442212352844587673
  public exponent: 65537
  Validity: [From: Wed Aug 12 21:29:00 BRT 1998,
               To: Mon Aug 13 20:59:00 BRT 2018]
  Issuer: CN=GTE CyberTrust Global Root, OU=&quot;GTE CyberTrust Solutions, Inc.&quot;, O=GTE Corporation, C=US
  SerialNumber: [    01a5]

]
  Algorithm: [MD5withRSA]
  Signature:
0000: 6D EB 1B 09 E9 5E D9 51   DB 67 22 61 A4 2A 3C 48  m....^.Q.g&quot;a.*&lt;H
0010: 77 E3 A0 7C A6 DE 73 A2   14 03 85 3D FB AB 0E 30  w.....s....=...0
0020: C5 83 16 33 81 13 08 9E   7B 34 4E DF 40 C8 74 D7  ...3.....4N.@.t.
0030: B9 7D DC F4 76 55 7D 9B   63 54 18 E9 F0 EA F3 5C  ....vU..cT.....\
0040: B1 D9 8B 42 1E B9 C0 95   4E BA FA D5 E2 7C F5 68  ...B....N......h
0050: 61 BF 8E EC 05 97 5F 5B   B0 D7 A3 85 34 C4 24 A7  a....._[....4.$.
0060: 0D 0F 95 93 EF CB 94 D8   9E 1F 9D 5C 85 6D C7 AA  ...........\.m..
0070: AE 4F 1F 22 B5 CD 95 AD   BA A7 CC F9 AB 0B 7A 7F  .O.&quot;..........z.

]
mai 31, 2019 11:02:48 PM com.sun.enterprise.security.ssl.impl.SecuritySupportImpl checkCertificateDates
GRAVE: The SSL certificate has expired: [
[
  Version: V3
  Subject: CN=Entrust.net Secure Server Certification Authority, OU=(c) 1999 Entrust.net Limited, OU=www.entrust.net/CPS incorp. by ref. (limits liab.), O=Entrust.net, C=US
  Signature Algorithm: SHA1withRSA, OID = 1.2.840.113549.1.1.5

  Key:  Sun RSA public key, 1024 bits
  modulus: 144067023913051061401427662951005762134922353734488468053603530223452408322326917369347612678930500793708458747092762943382762018047024013938414215872028527163969125655573945488614401571467677066488315957153441759858575776484848611157850921563438091296557524842885335944479053857025193408242979060399539152451
  public exponent: 3
  Validity: [From: Tue May 25 13:09:40 BRT 1999,
               To: Sat May 25 13:39:40 BRT 2019]
  Issuer: CN=Entrust.net Secure Server Certification Authority, OU=(c) 1999 Entrust.net Limited, OU=www.entrust.net/CPS incorp. by ref. (limits liab.), O=Entrust.net, C=US
  SerialNumber: [    374ad243]

Certificate Extensions: 8
[1]: ObjectId: 1.2.840.113533.7.65.0 Criticality=false
Extension unknown: DER encoded OCTET string =
0000: 04 0C 30 0A 1B 04 56 34   2E 30 03 02 04 90        ..0...V4.0....


[2]: ObjectId: 2.5.29.35 Criticality=false
AuthorityKeyIdentifier [
KeyIdentifier [
0000: F0 17 62 13 55 3D B3 FF   0A 00 6B FB 50 84 97 F3  ..b.U=....k.P...
0010: ED 62 D0 1A                                        .b..
]
]

[3]: ObjectId: 2.5.29.19 Criticality=false
BasicConstraints:[
  CA:true
  PathLen:2147483647
]

[4]: ObjectId: 2.5.29.31 Criticality=false
CRLDistributionPoints [
  [DistributionPoint:
     [CN=CRL1, CN=Entrust.net Secure Server Certification Authority, OU=(c) 1999 Entrust.net Limited, OU=www.entrust.net/CPS incorp. by ref. (limits liab.), O=Entrust.net, C=US]
, DistributionPoint:
     [URIName: http://www.entrust.net/CRL/net1.crl]
]]

[5]: ObjectId: 2.5.29.15 Criticality=false
KeyUsage [
  Key_CertSign
  Crl_Sign
]

[6]: ObjectId: 2.16.840.1.113730.1.1 Criticality=false
NetscapeCertType [
   SSL CA
   S/MIME CA
   Object Signing CA]

[7]: ObjectId: 2.5.29.16 Criticality=false
PrivateKeyUsage: [
From: Tue May 25 13:09:40 BRT 1999, To: Sat May 25 13:09:40 BRT 2019]

[8]: ObjectId: 2.5.29.14 Criticality=false
SubjectKeyIdentifier [
KeyIdentifier [
0000: F0 17 62 13 55 3D B3 FF   0A 00 6B FB 50 84 97 F3  ..b.U=....k.P...
0010: ED 62 D0 1A                                        .b..
]
]

]
  Algorithm: [SHA1withRSA]
  Signature:
0000: 90 DC 30 02 FA 64 74 C2   A7 0A A5 7C 21 8D 34 17  ..0..dt.....!.4.
0010: A8 FB 47 0E FF 25 7C 8D   13 0A FB E4 98 B5 EF 8C  ..G..%..........
0020: F8 C5 10 0D F7 92 BE F1   C3 D5 D5 95 6A 04 BB 2C  ............j..,
0030: CE 26 36 65 C8 31 C6 E7   EE 3F E3 57 75 84 7A 11  .&amp;6e.1...?.Wu.z.
0040: EF 46 4F 18 F4 D3 98 BB   A8 87 32 BA 72 F6 3C E2  .FO.......2.r.&lt;.
0050: 3D 9F D7 1D D9 C3 60 43   8C 58 0E 22 96 2F 62 A3  =.....`C.X.&quot;./b.
0060: 2C 1F BA AD 05 EF AB 32   78 87 A0 54 73 19 B5 5C  ,......2x..Ts..\
0070: 05 F9 52 3E 6D 2D 45 0B   F7 0A 93 EA ED 06 F9 B2  ..R&gt;m-E.........

]
mai 31, 2019 11:02:48 PM com.sun.enterprise.security.SecurityLifecycle &lt;init&gt;
INFORMAÇÕES: Java security manager is disabled.
mai 31, 2019 11:02:48 PM com.sun.enterprise.security.SecurityLifecycle onInitialization
INFORMAÇÕES: Entering Security Startup Service.
mai 31, 2019 11:02:48 PM com.sun.enterprise.security.PolicyLoader loadPolicy
INFORMAÇÕES: Loading policy provider com.sun.enterprise.security.provider.PolicyWrapper.
mai 31, 2019 11:02:48 PM com.sun.enterprise.security.SecurityLifecycle onInitialization
INFORMAÇÕES: Security Service(s) started successfully.
mai 31, 2019 11:02:52 PM org.eclipse.persistence.default
INFORMAÇÕES: Detected server platform: org.eclipse.persistence.platform.server.NoServerPlatform.
mai 31, 2019 11:02:52 PM org.eclipse.persistence.session./file:/tmp/gfembed7478748931624804377tmp/applications/classes/_exemplo_13_ejb
INFORMAÇÕES: EclipseLink, version: Eclipse Persistence Services - 2.6.1.v20150605-31e8258
Fri May 31 23:02:52 BRT 2019 WARN: Establishing SSL connection without server&apos;s identity verification is not recommended. According to MySQL 5.5.45+, 5.6.26+ and 5.7.6+ requirements SSL connection must be established by default if explicit option isn&apos;t set. For compliance with existing applications not using SSL the verifyServerCertificate property is set to &apos;false&apos;. You need either to explicitly disable SSL by setting useSSL=false, or set useSSL=true and provide truststore for server certificate verification.
Fri May 31 23:02:52 BRT 2019 WARN: Establishing SSL connection without server&apos;s identity verification is not recommended. According to MySQL 5.5.45+, 5.6.26+ and 5.7.6+ requirements SSL connection must be established by default if explicit option isn&apos;t set. For compliance with existing applications not using SSL the verifyServerCertificate property is set to &apos;false&apos;. You need either to explicitly disable SSL by setting useSSL=false, or set useSSL=true and provide truststore for server certificate verification.
Fri May 31 23:02:52 BRT 2019 WARN: Establishing SSL connection without server&apos;s identity verification is not recommended. According to MySQL 5.5.45+, 5.6.26+ and 5.7.6+ requirements SSL connection must be established by default if explicit option isn&apos;t set. For compliance with existing applications not using SSL the verifyServerCertificate property is set to &apos;false&apos;. You need either to explicitly disable SSL by setting useSSL=false, or set useSSL=true and provide truststore for server certificate verification.
Fri May 31 23:02:52 BRT 2019 WARN: Establishing SSL connection without server&apos;s identity verification is not recommended. According to MySQL 5.5.45+, 5.6.26+ and 5.7.6+ requirements SSL connection must be established by default if explicit option isn&apos;t set. For compliance with existing applications not using SSL the verifyServerCertificate property is set to &apos;false&apos;. You need either to explicitly disable SSL by setting useSSL=false, or set useSSL=true and provide truststore for server certificate verification.
Fri May 31 23:02:52 BRT 2019 WARN: Establishing SSL connection without server&apos;s identity verification is not recommended. According to MySQL 5.5.45+, 5.6.26+ and 5.7.6+ requirements SSL connection must be established by default if explicit option isn&apos;t set. For compliance with existing applications not using SSL the verifyServerCertificate property is set to &apos;false&apos;. You need either to explicitly disable SSL by setting useSSL=false, or set useSSL=true and provide truststore for server certificate verification.
Fri May 31 23:02:52 BRT 2019 WARN: Establishing SSL connection without server&apos;s identity verification is not recommended. According to MySQL 5.5.45+, 5.6.26+ and 5.7.6+ requirements SSL connection must be established by default if explicit option isn&apos;t set. For compliance with existing applications not using SSL the verifyServerCertificate property is set to &apos;false&apos;. You need either to explicitly disable SSL by setting useSSL=false, or set useSSL=true and provide truststore for server certificate verification.
Fri May 31 23:02:52 BRT 2019 WARN: Establishing SSL connection without server&apos;s identity verification is not recommended. According to MySQL 5.5.45+, 5.6.26+ and 5.7.6+ requirements SSL connection must be established by default if explicit option isn&apos;t set. For compliance with existing applications not using SSL the verifyServerCertificate property is set to &apos;false&apos;. You need either to explicitly disable SSL by setting useSSL=false, or set useSSL=true and provide truststore for server certificate verification.
Fri May 31 23:02:52 BRT 2019 WARN: Establishing SSL connection without server&apos;s identity verification is not recommended. According to MySQL 5.5.45+, 5.6.26+ and 5.7.6+ requirements SSL connection must be established by default if explicit option isn&apos;t set. For compliance with existing applications not using SSL the verifyServerCertificate property is set to &apos;false&apos;. You need either to explicitly disable SSL by setting useSSL=false, or set useSSL=true and provide truststore for server certificate verification.
mai 31, 2019 11:02:52 PM org.eclipse.persistence.session./file:/tmp/gfembed7478748931624804377tmp/applications/classes/_exemplo_13_ejb.metadata
ADVERTÊNCIA: Reverting the lazy setting on the OneToOne or ManyToOne attribute [estabelecimento] for the entity class [class com.FazTudo2.ejb.Entidade.Servico] since weaving was not enabled or did not occur.
mai 31, 2019 11:02:52 PM org.eclipse.persistence.session./file:/tmp/gfembed7478748931624804377tmp/applications/classes/_exemplo_13_ejb.connection
INFORMAÇÕES: /file:/tmp/gfembed7478748931624804377tmp/applications/classes/_exemplo_13_ejb login successful
mai 31, 2019 11:02:52 PM org.eclipse.persistence.session./file:/tmp/gfembed7478748931624804377tmp/applications/classes/_exemplo_13_ejb.server
ADVERTÊNCIA: Failed to find MBean Server: null or empty List returned from MBeanServerFactory.findMBeanServer(null)
mai 31, 2019 11:03:07 PM com.sun.ejb.containers.BaseContainer initializeHome
INFORMAÇÕES: Portable JNDI names for EJB ejb/CategoriaServico: [java:global/classes/ejb/CategoriaServico, java:global/classes/ejb/CategoriaServico!com.FazTudo2.ejb.Servicos.CategoriaServico]
mai 31, 2019 11:03:07 PM com.sun.ejb.containers.BaseContainer initializeHome
INFORMAÇÕES: Portable JNDI names for EJB ejb/HorarioMarcadoServico: [java:global/classes/ejb/HorarioMarcadoServico!com.FazTudo2.ejb.Servicos.HorarioMarcadoServico, java:global/classes/ejb/HorarioMarcadoServico]
mai 31, 2019 11:03:07 PM com.sun.ejb.containers.BaseContainer initializeHome
INFORMAÇÕES: Portable JNDI names for EJB ejb/EstabelecimentoServico: [java:global/classes/ejb/EstabelecimentoServico!com.FazTudo2.ejb.Servicos.EstabelecimentoServico, java:global/classes/ejb/EstabelecimentoServico]
mai 31, 2019 11:03:07 PM com.sun.ejb.containers.BaseContainer initializeHome
INFORMAÇÕES: Portable JNDI names for EJB CategoriaBean: [java:global/classes/CategoriaBean!com.FazTudo2.ejb.Beans.CategoriaBean, java:global/classes/CategoriaBean]
mai 31, 2019 11:03:07 PM com.sun.ejb.containers.BaseContainer initializeHome
INFORMAÇÕES: Portable JNDI names for EJB ejb/ClienteServico: [java:global/classes/ejb/ClienteServico, java:global/classes/ejb/ClienteServico!com.FazTudo2.ejb.Servicos.ClienteServico]
mai 31, 2019 11:03:07 PM com.sun.ejb.containers.BaseContainer initializeHome
INFORMAÇÕES: Portable JNDI names for EJB ejb/DonoEstabelecimentoServico: [java:global/classes/ejb/DonoEstabelecimentoServico!com.FazTudo2.ejb.Servicos.DonoEstabelecimentoServico, java:global/classes/ejb/DonoEstabelecimentoServico]
mai 31, 2019 11:03:07 PM com.sun.ejb.containers.BaseContainer initializeHome
INFORMAÇÕES: Portable JNDI names for EJB ejb/ServicoServico: [java:global/classes/ejb/ServicoServico, java:global/classes/ejb/ServicoServico!com.FazTudo2.ejb.Servicos.ServicoServico]
mai 31, 2019 11:03:07 PM org.jboss.weld.bootstrap.WeldStartup &lt;clinit&gt;
INFO: WELD-000900: 2.2.13 (Final)
mai 31, 2019 11:03:08 PM org.jboss.weld.event.ExtensionObserverMethodImpl checkRequiredTypeAnnotations
WARN: WELD-000411: Observer method [BackedAnnotatedMethod] org.glassfish.sse.impl.ServerSentEventCdiExtension.processAnnotatedType(@Observes ProcessAnnotatedType&lt;Object&gt;, BeanManager) receives events for all annotated types. Consider restricting events using @WithAnnotations or a generic type with bounds.
mai 31, 2019 11:03:08 PM org.jboss.weld.event.ExtensionObserverMethodImpl checkRequiredTypeAnnotations
WARN: WELD-000411: Observer method [BackedAnnotatedMethod] public org.glassfish.jms.injection.JMSCDIExtension.processAnnotatedType(@Observes ProcessAnnotatedType&lt;Object&gt;) receives events for all annotated types. Consider restricting events using @WithAnnotations or a generic type with bounds.
mai 31, 2019 11:03:08 PM org.jboss.weld.event.ExtensionObserverMethodImpl checkRequiredTypeAnnotations
WARN: WELD-000411: Observer method [BackedAnnotatedMethod] org.glassfish.sse.impl.ServerSentEventCdiExtension.processAnnotatedType(@Observes ProcessAnnotatedType&lt;Object&gt;, BeanManager) receives events for all annotated types. Consider restricting events using @WithAnnotations or a generic type with bounds.
mai 31, 2019 11:03:08 PM org.jboss.weld.event.ExtensionObserverMethodImpl checkRequiredTypeAnnotations
WARN: WELD-000411: Observer method [BackedAnnotatedMethod] private org.glassfish.jersey.ext.cdi1x.internal.CdiComponentProvider.processAnnotatedType(@Observes ProcessAnnotatedType&lt;Object&gt;) receives events for all annotated types. Consider restricting events using @WithAnnotations or a generic type with bounds.
mai 31, 2019 11:03:08 PM org.jboss.weld.event.ExtensionObserverMethodImpl checkRequiredTypeAnnotations
WARN: WELD-000411: Observer method [BackedAnnotatedMethod] public org.glassfish.jms.injection.JMSCDIExtension.processAnnotatedType(@Observes ProcessAnnotatedType&lt;Object&gt;) receives events for all annotated types. Consider restricting events using @WithAnnotations or a generic type with bounds.
mai 31, 2019 11:03:08 PM org.jboss.weld.event.ExtensionObserverMethodImpl checkRequiredTypeAnnotations
WARN: WELD-000411: Observer method [BackedAnnotatedMethod] private org.glassfish.jersey.ext.cdi1x.internal.CdiComponentProvider.processAnnotatedType(@Observes ProcessAnnotatedType&lt;Object&gt;) receives events for all annotated types. Consider restricting events using @WithAnnotations or a generic type with bounds.
mai 31, 2019 11:03:08 PM org.glassfish.deployment.admin.DeployCommand execute
INFORMAÇÕES: classes was successfully deployed in 23.112 milliseconds.
Fri May 31 23:03:08 BRT 2019 WARN: Establishing SSL connection without server&apos;s identity verification is not recommended. According to MySQL 5.5.45+, 5.6.26+ and 5.7.6+ requirements SSL connection must be established by default if explicit option isn&apos;t set. For compliance with existing applications not using SSL the verifyServerCertificate property is set to &apos;false&apos;. You need either to explicitly disable SSL by setting useSSL=false, or set useSSL=true and provide truststore for server certificate verification.
SLF4J: Failed to load class &quot;org.slf4j.impl.StaticLoggerBinder&quot;.
SLF4J: Defaulting to no-operation (NOP) logger implementation
SLF4J: See http://www.slf4j.org/codes.html#StaticLoggerBinder for further details.
mai 31, 2019 11:03:12 PM com.sun.ejb.containers.BaseContainer postInvoke
ADVERTÊNCIA: A system exception occurred during an invocation on EJB ejb/ClienteServico, method: public com.FazTudo2.ejb.Entidade.Entidade com.FazTudo2.ejb.Servicos.ServicoBean.atualizar(com.FazTudo2.ejb.Entidade.Entidade)
mai 31, 2019 11:03:12 PM com.sun.ejb.containers.BaseContainer postInvoke
ADVERTÊNCIA: 
javax.ejb.EJBException
	at com.sun.ejb.containers.EJBContainerTransactionManager.processSystemException(EJBContainerTransactionManager.java:752)
	at com.sun.ejb.containers.EJBContainerTransactionManager.completeNewTx(EJBContainerTransactionManager.java:702)
	at com.sun.ejb.containers.EJBContainerTransactionManager.postInvokeTx(EJBContainerTransactionManager.java:507)
	at com.sun.ejb.containers.BaseContainer.postInvokeTx(BaseContainer.java:4566)
	at com.sun.ejb.containers.BaseContainer.postInvoke(BaseContainer.java:2074)
	at com.sun.ejb.containers.BaseContainer.postInvoke(BaseContainer.java:2044)
	at com.sun.ejb.containers.EJBLocalObjectInvocationHandler.invoke(EJBLocalObjectInvocationHandler.java:220)
	at com.sun.ejb.containers.EJBLocalObjectInvocationHandlerDelegate.invoke(EJBLocalObjectInvocationHandlerDelegate.java:88)
	at com.sun.proxy.$Proxy189.atualizar(Unknown Source)
	at com.FazTudo2.ejb.Servicos.__EJB31_Generated__ClienteServico__Intf____Bean__.atualizar(Unknown Source)
	at com.FazTudo2.ejb.ClienteTeste.persistirClienteInvalido(ClienteTeste.java:132)
	at sun.reflect.NativeMethodAccessorImpl.invoke0(Native Method)
	at sun.reflect.NativeMethodAccessorImpl.invoke(NativeMethodAccessorImpl.java:62)
	at sun.reflect.DelegatingMethodAccessorImpl.invoke(DelegatingMethodAccessorImpl.java:43)
	at java.lang.reflect.Method.invoke(Method.java:498)
	at org.junit.runners.model.FrameworkMethod$1.runReflectiveCall(FrameworkMethod.java:47)
	at org.junit.internal.runners.model.ReflectiveCallable.run(ReflectiveCallable.java:12)
	at org.junit.runners.model.FrameworkMethod.invokeExplosively(FrameworkMethod.java:44)
	at org.junit.internal.runners.statements.InvokeMethod.evaluate(InvokeMethod.java:17)
	at org.junit.internal.runners.statements.ExpectException.evaluate(ExpectException.java:19)
	at org.junit.internal.runners.statements.RunBefores.evaluate(RunBefores.java:26)
	at org.junit.internal.runners.statements.RunAfters.evaluate(RunAfters.java:27)
	at org.junit.runners.ParentRunner.runLeaf(ParentRunner.java:271)
	at org.junit.runners.BlockJUnit4ClassRunner.runChild(BlockJUnit4ClassRunner.java:70)
	at org.junit.runners.BlockJUnit4ClassRunner.runChild(BlockJUnit4ClassRunner.java:50)
	at org.junit.runners.ParentRunner$3.run(ParentRunner.java:238)
	at org.junit.runners.ParentRunner$1.schedule(ParentRunner.java:63)
	at org.junit.runners.ParentRunner.runChildren(ParentRunner.java:236)
	at org.junit.runners.ParentRunner.access$000(ParentRunner.java:53)
	at org.junit.runners.ParentRunner$2.evaluate(ParentRunner.java:229)
	at org.junit.internal.runners.statements.RunBefores.evaluate(RunBefores.java:26)
	at org.junit.internal.runners.statements.RunAfters.evaluate(RunAfters.java:27)
	at org.junit.runners.ParentRunner.run(ParentRunner.java:309)
	at org.apache.maven.surefire.junit4.JUnit4TestSet.execute(JUnit4TestSet.java:45)
	at org.apache.maven.surefire.junit4.JUnit4Provider.executeTestSet(JUnit4Provider.java:123)
	at org.apache.maven.surefire.junit4.JUnit4Provider.invoke(JUnit4Provider.java:104)
	at sun.reflect.NativeMethodAccessorImpl.invoke0(Native Method)
	at sun.reflect.NativeMethodAccessorImpl.invoke(NativeMethodAccessorImpl.java:62)
	at sun.reflect.DelegatingMethodAccessorImpl.invoke(DelegatingMethodAccessorImpl.java:43)
	at java.lang.reflect.Method.invoke(Method.java:498)
	at org.apache.maven.surefire.util.ReflectionUtils.invokeMethodWithArray(ReflectionUtils.java:164)
	at org.apache.maven.surefire.booter.ProviderFactory$ProviderProxy.invoke(ProviderFactory.java:110)
	at org.apache.maven.surefire.booter.SurefireStarter.invokeProvider(SurefireStarter.java:175)
	at org.apache.maven.surefire.booter.SurefireStarter.runSuitesInProcessWhenForked(SurefireStarter.java:107)
	at org.apache.maven.surefire.booter.ForkedBooter.main(ForkedBooter.java:68)
Caused by: javax.validation.ConstraintViolationException: 1 constraint violation(s) occurred during method validation.
Constructor or Method: public com.FazTudo2.ejb.Entidade.Entidade com.FazTudo2.ejb.Servicos.ServicoBean.atualizar(com.FazTudo2.ejb.Entidade.Entidade)
Argument values: [com.FazTudo2.ejb.Entidade.Cliente[ id=null ]]
Constraint violations: 
 (1) Kind: PROPERTY
 message: A data de nascimento deve ser uma data do passado
 root bean: com.FazTudo2.ejb.Servicos.ClienteServico@2cb62308
 property path: atualizar.arg0.dataNascimento
 constraint: @javax.validation.constraints.Past(message=A data de nascimento deve ser uma data do passado, payload=[], groups=[])
	at org.hibernate.validator.internal.cdi.interceptor.ValidationInterceptor.validateMethodInvocation(ValidationInterceptor.java:81)
	at sun.reflect.NativeMethodAccessorImpl.invoke0(Native Method)
	at sun.reflect.NativeMethodAccessorImpl.invoke(NativeMethodAccessorImpl.java:62)
	at sun.reflect.DelegatingMethodAccessorImpl.invoke(DelegatingMethodAccessorImpl.java:43)
	at java.lang.reflect.Method.invoke(Method.java:498)
	at com.sun.ejb.containers.interceptors.AroundInvokeInterceptor.intercept(InterceptorManager.java:883)
	at com.sun.ejb.containers.interceptors.AroundInvokeChainImpl.invokeNext(InterceptorManager.java:822)
	at com.sun.ejb.EjbInvocation.proceed(EjbInvocation.java:608)
	at org.jboss.weld.ejb.AbstractEJBRequestScopeActivationInterceptor.aroundInvoke(AbstractEJBRequestScopeActivationInterceptor.java:73)
	at org.jboss.weld.ejb.SessionBeanInterceptor.aroundInvoke(SessionBeanInterceptor.java:52)
	at sun.reflect.NativeMethodAccessorImpl.invoke0(Native Method)
	at sun.reflect.NativeMethodAccessorImpl.invoke(NativeMethodAccessorImpl.java:62)
	at sun.reflect.DelegatingMethodAccessorImpl.invoke(DelegatingMethodAccessorImpl.java:43)
	at java.lang.reflect.Method.invoke(Method.java:498)
	at com.sun.ejb.containers.interceptors.AroundInvokeInterceptor.intercept(InterceptorManager.java:883)
	at com.sun.ejb.containers.interceptors.AroundInvokeChainImpl.invokeNext(InterceptorManager.java:822)
	at com.sun.ejb.EjbInvocation.proceed(EjbInvocation.java:608)
	at com.sun.ejb.containers.interceptors.SystemInterceptorProxy.doCall(SystemInterceptorProxy.java:163)
	at com.sun.ejb.containers.interceptors.SystemInterceptorProxy.aroundInvoke(SystemInterceptorProxy.java:140)
	at sun.reflect.NativeMethodAccessorImpl.invoke0(Native Method)
	at sun.reflect.NativeMethodAccessorImpl.invoke(NativeMethodAccessorImpl.java:62)
	at sun.reflect.DelegatingMethodAccessorImpl.invoke(DelegatingMethodAccessorImpl.java:43)
	at java.lang.reflect.Method.invoke(Method.java:498)
	at com.sun.ejb.containers.interceptors.AroundInvokeInterceptor.intercept(InterceptorManager.java:883)
	at com.sun.ejb.containers.interceptors.AroundInvokeChainImpl.invokeNext(InterceptorManager.java:822)
	at com.sun.ejb.containers.interceptors.InterceptorManager.intercept(InterceptorManager.java:369)
	at com.sun.ejb.containers.BaseContainer.__intercept(BaseContainer.java:4758)
	at com.sun.ejb.containers.BaseContainer.intercept(BaseContainer.java:4746)
	at com.sun.ejb.containers.EJBLocalObjectInvocationHandler.invoke(EJBLocalObjectInvocationHandler.java:212)
	... 38 more

</system-err>
  </testcase>
</testsuite>