# JRE version: OpenJDK Runtime Environment (8.0_212-b03) (build 1.8.0_212-8u212-b03-0ubuntu1.19.04.2-b03)
# Java VM: OpenJDK 64-Bit Server VM (25.212-b03 mixed mode linux-amd64 compressed oops)
Heap:
 PSYoungGen      total 427008K, used 392192K [0x00000000d7180000, 0x00000000f5a00000, 0x0000000100000000)
  eden space 392192K, 100% used [0x00000000d7180000,0x00000000ef080000,0x00000000ef080000)
  from space 34816K, 0% used [0x00000000f2300000,0x00000000f2300000,0x00000000f4500000)
  to   space 51712K, 76% used [0x00000000ef080000,0x00000000f16e2698,0x00000000f2300000)
 ParOldGen       total 163328K, used 74359K [0x0000000085400000, 0x000000008f380000, 0x00000000d7180000)
  object space 163328K, 45% used [0x0000000085400000,0x0000000089c9dd00,0x000000008f380000)
 Metaspace       used 23187K, capacity 23580K, committed 23808K, reserved 1071104K
  class space    used 2655K, capacity 2734K, committed 2816K, reserved 1048576K
GC Heap History (10 events):
Event: 2,069 GC heap after
Heap after GC invocations=6 (full 0):
 PSYoungGen      total 272384K, used 6453K [0x00000000d7180000, 0x00000000e8e80000, 0x0000000100000000)
  eden space 253952K, 0% used [0x00000000d7180000,0x00000000d7180000,0x00000000e6980000)
  from space 18432K, 35% used [0x00000000e7c80000,0x00000000e82cd600,0x00000000e8e80000)
  to   space 18944K, 0% used [0x00000000e6980000,0x00000000e6980000,0x00000000e7c00000)
 ParOldGen       total 84992K, used 24935K [0x0000000085400000, 0x000000008a700000, 0x00000000d7180000)
  object space 84992K, 29% used [0x0000000085400000,0x0000000086c59fb0,0x000000008a700000)
 Metaspace       used 20659K, capacity 20994K, committed 21248K, reserved 1069056K
  class space    used 2393K, capacity 2463K, committed 2560K, reserved 1048576K
}
Event: 2,069 GC heap before
{Heap before GC invocations=7 (full 1):
 PSYoungGen      total 272384K, used 6453K [0x00000000d7180000, 0x00000000e8e80000, 0x0000000100000000)
  eden space 253952K, 0% used [0x00000000d7180000,0x00000000d7180000,0x00000000e6980000)
  from space 18432K, 35% used [0x00000000e7c80000,0x00000000e82cd600,0x00000000e8e80000)
  to   space 18944K, 0% used [0x00000000e6980000,0x00000000e6980000,0x00000000e7c00000)
 ParOldGen       total 84992K, used 24935K [0x0000000085400000, 0x000000008a700000, 0x00000000d7180000)
  object space 84992K, 29% used [0x0000000085400000,0x0000000086c59fb0,0x000000008a700000)
 Metaspace       used 20659K, capacity 20994K, committed 21248K, reserved 1069056K
  class space    used 2393K, capacity 2463K, committed 2560K, reserved 1048576K
Event: 2,136 GC heap after
Heap after GC invocations=7 (full 1):
 PSYoungGen      total 272384K, used 0K [0x00000000d7180000, 0x00000000e8e80000, 0x0000000100000000)
  eden space 253952K, 0% used [0x00000000d7180000,0x00000000d7180000,0x00000000e6980000)
  from space 18432K, 0% used [0x00000000e7c80000,0x00000000e7c80000,0x00000000e8e80000)
  to   space 18944K, 0% used [0x00000000e6980000,0x00000000e6980000,0x00000000e7c00000)
 ParOldGen       total 82432K, used 25724K [0x0000000085400000, 0x000000008a480000, 0x00000000d7180000)
  object space 82432K, 31% used [0x0000000085400000,0x0000000086d1f158,0x000000008a480000)
 Metaspace       used 20659K, capacity 20994K, committed 21248K, reserved 1069056K
  class space    used 2393K, capacity 2463K, committed 2560K, reserved 1048576K
}
Event: 2,641 GC heap before
{Heap before GC invocations=8 (full 1):
 PSYoungGen      total 272384K, used 253952K [0x00000000d7180000, 0x00000000e8e80000, 0x0000000100000000)
  eden space 253952K, 100% used [0x00000000d7180000,0x00000000e6980000,0x00000000e6980000)
  from space 18432K, 0% used [0x00000000e7c80000,0x00000000e7c80000,0x00000000e8e80000)
  to   space 18944K, 0% used [0x00000000e6980000,0x00000000e6980000,0x00000000e7c00000)
 ParOldGen       total 82432K, used 25724K [0x0000000085400000, 0x000000008a480000, 0x00000000d7180000)
  object space 82432K, 31% used [0x0000000085400000,0x0000000086d1f158,0x000000008a480000)
 Metaspace       used 22196K, capacity 22590K, committed 22912K, reserved 1069056K
  class space    used 2538K, capacity 2601K, committed 2688K, reserved 1048576K
Event: 2,666 GC heap after
Heap after GC invocations=8 (full 1):
 PSYoungGen      total 272896K, used 18941K [0x00000000d7180000, 0x00000000f4500000, 0x0000000100000000)
  eden space 253952K, 0% used [0x00000000d7180000,0x00000000d7180000,0x00000000e6980000)
  from space 18944K, 99% used [0x00000000e6980000,0x00000000e7bff480,0x00000000e7c00000)
  to   space 34816K, 0% used [0x00000000f2300000,0x00000000f2300000,0x00000000f4500000)
 ParOldGen       total 82432K, used 50373K [0x0000000085400000, 0x000000008a480000, 0x00000000d7180000)
  object space 82432K, 61% used [0x0000000085400000,0x0000000088531718,0x000000008a480000)
 Metaspace       used 22196K, capacity 22590K, committed 22912K, reserved 1069056K
  class space    used 2538K, capacity 2601K, committed 2688K, reserved 1048576K
}
Event: 6,464 GC heap before
{Heap before GC invocations=9 (full 1):
 PSYoungGen      total 272896K, used 272893K [0x00000000d7180000, 0x00000000f4500000, 0x0000000100000000)
  eden space 253952K, 100% used [0x00000000d7180000,0x00000000e6980000,0x00000000e6980000)
  from space 18944K, 99% used [0x00000000e6980000,0x00000000e7bff480,0x00000000e7c00000)
  to   space 34816K, 0% used [0x00000000f2300000,0x00000000f2300000,0x00000000f4500000)
 ParOldGen       total 82432K, used 50373K [0x0000000085400000, 0x000000008a480000, 0x00000000d7180000)
  object space 82432K, 61% used [0x0000000085400000,0x0000000088531718,0x000000008a480000)
 Metaspace       used 23142K, capacity 23580K, committed 23808K, reserved 1071104K
  class space    used 2655K, capacity 2734K, committed 2816K, reserved 1048576K
Event: 6,517 GC heap after
Heap after GC invocations=9 (full 1):
 PSYoungGen      total 427008K, used 34791K [0x00000000d7180000, 0x00000000f5a00000, 0x0000000100000000)
  eden space 392192K, 0% used [0x00000000d7180000,0x00000000d7180000,0x00000000ef080000)
  from space 34816K, 99% used [0x00000000f2300000,0x00000000f44f9c10,0x00000000f4500000)
  to   space 51712K, 0% used [0x00000000ef080000,0x00000000ef080000,0x00000000f2300000)
 ParOldGen       total 82432K, used 74501K [0x0000000085400000, 0x000000008a480000, 0x00000000d7180000)
  object space 82432K, 90% used [0x0000000085400000,0x0000000089cc1718,0x000000008a480000)
 Metaspace       used 23142K, capacity 23580K, committed 23808K, reserved 1071104K
  class space    used 2655K, capacity 2734K, committed 2816K, reserved 1048576K
}
Event: 6,517 GC heap before
{Heap before GC invocations=10 (full 2):
 PSYoungGen      total 427008K, used 34791K [0x00000000d7180000, 0x00000000f5a00000, 0x0000000100000000)
  eden space 392192K, 0% used [0x00000000d7180000,0x00000000d7180000,0x00000000ef080000)
  from space 34816K, 99% used [0x00000000f2300000,0x00000000f44f9c10,0x00000000f4500000)
  to   space 51712K, 0% used [0x00000000ef080000,0x00000000ef080000,0x00000000f2300000)
 ParOldGen       total 82432K, used 74501K [0x0000000085400000, 0x000000008a480000, 0x00000000d7180000)
  object space 82432K, 90% used [0x0000000085400000,0x0000000089cc1718,0x000000008a480000)
 Metaspace       used 23142K, capacity 23580K, committed 23808K, reserved 1071104K
  class space    used 2655K, capacity 2734K, committed 2816K, reserved 1048576K
Event: 6,601 GC heap after
Heap after GC invocations=10 (full 2):
 PSYoungGen      total 427008K, used 0K [0x00000000d7180000, 0x00000000f5a00000, 0x0000000100000000)
  eden space 392192K, 0% used [0x00000000d7180000,0x00000000d7180000,0x00000000ef080000)
  from space 34816K, 0% used [0x00000000f2300000,0x00000000f2300000,0x00000000f4500000)
  to   space 51712K, 0% used [0x00000000ef080000,0x00000000ef080000,0x00000000f2300000)
 ParOldGen       total 163328K, used 74351K [0x0000000085400000, 0x000000008f380000, 0x00000000d7180000)
  object space 163328K, 45% used [0x0000000085400000,0x0000000089c9bd00,0x000000008f380000)
 Metaspace       used 23142K, capacity 23580K, committed 23808K, reserved 1071104K
  class space    used 2655K, capacity 2734K, committed 2816K, reserved 1048576K
}
Event: 7,147 GC heap before
{Heap before GC invocations=11 (full 2):
 PSYoungGen      total 427008K, used 392192K [0x00000000d7180000, 0x00000000f5a00000, 0x0000000100000000)
  eden space 392192K, 100% used [0x00000000d7180000,0x00000000ef080000,0x00000000ef080000)
  from space 34816K, 0% used [0x00000000f2300000,0x00000000f2300000,0x00000000f4500000)
  to   space 51712K, 0% used [0x00000000ef080000,0x00000000ef080000,0x00000000f2300000)
 ParOldGen       total 163328K, used 74351K [0x0000000085400000, 0x000000008f380000, 0x00000000d7180000)
  object space 163328K, 45% used [0x0000000085400000,0x0000000089c9bd00,0x000000008f380000)
 Metaspace       used 23187K, capacity 23580K, committed 23808K, reserved 1071104K
  class space    used 2655K, capacity 2734K, committed 2816K, reserved 1048576K

